MPASM 5.81          PRUEBA_MODULO_ALARMA.ASM   6-19-2025  16:40:27         PAGE  1


LOC  OBJECT CODE     LINE SOURCE TEXT
  VALUE

                      00001 ;------------------------------------------------------------
                      00002 ; PROGRAMA: Medidor de CO - Prueba del modulo alarma - Trabajo Práctico Final Electrónica Digital 2
                      00003 ; ARCHIVO:  TPFinal.asm
                      00004 ; AUTORES:  Jerez, Facundo - Krede, Julián - Méndez Quiroga, Celeste Evangelina
                      00005 ; FECHA:    19/06/2025
                      00006 ; MICROCONTROLADOR: PIC16F887
                      00007 ; CLOCK: Oscilador XT (cristal externo) 4[MHz]
                      00008 ;
                      00009 ;------------------------------------------------------------
                      00010 
                      00011 ;--------------------------------------------------------------------------------------
                      00012 ; PRUEBA: INICIAR EL SISTEMA CON VAL_ADC = 50D, VALOR UMBRAL = 25D Y LA ALARMA ACTIVADA.
                      00013 ;       1. MEDIANTE EL TECLADO CAMBIAR EL VALOR UMBRAL A >50 PARA QUE SUENE LA ALARMA.
                      00014 ;       2. POSTERIORMENTE TOCAR EL BOTON # DEL TECLADO PARA PROBAR LA DESACTIVACION.
                      00015 ;--------------------------------------------------------------------------------------
                      00016                     
                      00017                     LIST P=16F887
                      00018                     #INCLUDE "P16F887.INC"
                      00001         LIST
                      00002 
                      00003 ;==========================================================================
                      00004 ; Build date : Jul 23 2018
                      00005 ;  MPASM PIC16F887 processor include
                      00006 ; 
                      00007 ;  (c) Copyright 1999-2018 Microchip Technology, All rights reserved
                      00008 ;==========================================================================
                      00009 
                      00810         LIST
                      00019         
2007   2FF1           00020                     __CONFIG _CONFIG1, _XT_OSC & _WDTE_OFF & _MCLRE_ON & _LVP_OFF
                      00021         
                      00022 ;-------------------------
                      00023 ; VARIABLES DEL SISTEMA
                      00024 ;-------------------------
                      00025                     
                      00026 ; Variables en banco 0 (0x20-0x6F)
  00000020            00027 DELAY1DSPL    EQU   0x20    ; Contador delay para displays (primer nivel)
  00000021            00028 DELAY2DSPL    EQU   0x21    ; Contador delay para displays (segundo nivel)
  00000022            00029 DELAY3DSPL    EQU   0x22    ; Contador delay para displays (tercer nivel)
  00000023            00030 TEMP_VAL_ADC  EQU   0x23    ; Valor temporal del ADC para realizar la descomposicion
                      00031   
                      00032 ; Variables en banco común (0x70-0x7F)
  00000070            00033 VAL_ADC       EQU   0x70    ; Valor crudo del ADC (0-255)
  00000071            00034 VAL_UMBRAL_U  EQU   0x71    ; Unidades del umbral (0-9)
  00000072            00035 VAL_UMBRAL_D  EQU   0x72    ; Decenas del umbral (0-9)
  00000073            00036 VAL_UMBRAL_C  EQU   0x73    ; Centenas del umbral (0-9)
  00000074            00037 POS_TECLA     EQU   0x74    ; Posición de tecla presionada (1-12)
  00000075            00038 N_TECLA       EQU   0x75    ; Contador de teclas presionadas (1-3)
  00000076            00039 TECLA_ACTIVA  EQU   0x76    ; Tecla actualmente presionada
  00000077            00040 OPCIONES      EQU   0x77    ; Registro de opciones:
                      00041                              ;   BIT 0: Modo display (0=ADC, 1=Teclado)
                      00042                              ;   BIT 1: Estado alarma (0=OFF, 1=ON)
                      00043                              ;   BIT 2: Activar/Desactivar Alarma (0=OFF, 1=ON)
MPASM 5.81          PRUEBA_MODULO_ALARMA.ASM   6-19-2025  16:40:27         PAGE  2


LOC  OBJECT CODE     LINE SOURCE TEXT
  VALUE

  00000078            00044 DELAY1TMR0    EQU   0x78    ; Contador delay para ADC (primer nivel)
  00000079            00045 DELAY2TMR0    EQU   0x79    ; Contador delay para ADC (segundo nivel)
  0000007A            00046 W_TEMP        EQU   0x7A    ; Backup de W durante ISR
  0000007B            00047 STATUS_TEMP   EQU   0x7B    ; Backup de STATUS durante ISR
  0000007C            00048 VAL_ADC_U     EQU   0x7C    ; Unidades del valor ADC (0-9)
  0000007D            00049 VAL_ADC_D     EQU   0x7D    ; Decenas del valor ADC (0-9)
  0000007E            00050 VAL_ADC_C     EQU   0x7E    ; Centenas del valor ADC (0-9)
  0000007F            00051 VAL_ADC_M     EQU   0x7F    ; Unidades de mil del valor ADC
                      00052    
                      00053    
                      00054 ;-------------------------
                      00055 ; MACROS DE CONFIGURACIÓN
                      00056 ;-------------------------
                      00057 
                      00058 ;----------------------------------------------------------------
                      00059 ; CONFIGURACIÓN DEL TECLADO
                      00060 ;----------------------------------------------------------------
                      00061 ; CONFIG_TECLADO: Configura el puerto B para teclado matricial
                      00062 ;   - RB0-RB3 como salidas (filas)
                      00063 ;   - RB4-RB6 como entradas con pull-up (columnas)
                      00064 ;   - Habilita interrupciones por cambio en RB4-RB6
                      00065 CONF_TECLADO        MACRO
                      00066 
                      00067     BANKSEL         ANSELH
                      00068     CLRF            ANSELH          ; PUERTO B COMO DIGITAL
                      00069     MOVLW           B'01110000'  
                      00070     MOVWF           TRISB           ; <RB0-RB3> SALIDAS 
                      00071                                     ; <RB4-RB6> ENTRADAS
                      00072     BANKSEL         WPUB            
                      00073     BCF             OPTION_REG,7
                      00074     MOVLW           0XFF
                      00075     MOVWF           WPUB            ; RESISTENCIAS PULL-UPS ACTIVADAS
                      00076     BANKSEL         PORTB
                      00077     MOVLW           B'01110000'     
                      00078     MOVWF           PORTB           ;TODAS LAS ENTRADAS EN ALTO POR DEFECTO
                      00079 
                      00080     ENDM
                      00081 
                      00082 ;----------------------------------------------------------------
                      00083 ; CONFIGURACIÓN DE DISPLAYS 7 SEGMENTOS
                      00084 ;----------------------------------------------------------------
                      00085 ; Configura los puertos para controlar 4 displays de 7 segmentos:
                      00086 ;   - PORTD como salida (segmentos a-g)
                      00087 ;   - RA0-RA3 como salidas (control de displays)
                      00088 ;   - Configura AN7 como entrada analógica para el sensor
                      00089 ;----------------------------------------------------------------
                      00090 CONF_DISPLAY        MACRO
                      00091     BANKSEL         ANSEL
                      00092     MOVLW           B'10000000'  ; AN7 como analógico, demás pines como digital
                      00093     MOVWF           ANSEL
                      00094 
                      00095     BANKSEL         TRISD
                      00096     CLRF            TRISD        ; PORTD completo como salida (segmentos)
MPASM 5.81          PRUEBA_MODULO_ALARMA.ASM   6-19-2025  16:40:27         PAGE  3


LOC  OBJECT CODE     LINE SOURCE TEXT
  VALUE

                      00097 
                      00098     MOVLW           B'11110000'  ; RA0-RA3 como salidas (control displays)
                      00099     MOVWF           TRISA        ; RA4-RA7 como entradas (no usadas)
                      00100     ENDM
                      00101 
                      00102 ;----------------------------------------------------------------
                      00103 ; CONFIGURACIÓN DE SALIDA DE ALARMA
                      00104 ;----------------------------------------------------------------
                      00105 ; Configura RC0 como salida para controlar la alarma:
                      00106 ;   - Puede ser un LED, buzzer o relay
                      00107 ;   - Inicialmente apagada
                      00108 ;----------------------------------------------------------------
                      00109 CONF_ALARMA                 MACRO
                      00110     BANKSEL         TRISC
                      00111     BCF             TRISC, 0     ; RC0 como salida
                      00112 
                      00113     BANKSEL         PORTC
                      00114     BCF             PORTC, 0     ; Apaga la alarma inicialmente
                      00115 
                      00116     ENDM
                      00117 
                      00118 ;----------------------------------------------------------------
                      00119 ; CONFIGURACIÓN DE INTERRUPCIONES
                      00120 ;----------------------------------------------------------------
                      00121 ; Habilita las interrupciones globales y específicas:
                      00122 ;   - Interrupciones por cambio en PORTB (teclado)
                      00123 ;   - Interrupciones por desborde del Timer0
                      00124 ;   - Configura IOCB para interrupciones solo en RB4-RB6
                      00125 ;----------------------------------------------------------------
                      00126 CONF_INTERRUPCION           MACRO
                      00127     MOVLW           B'10101000'  ; Habilita: INTCON.GIE, INTCON.T0IE, INTCON.RBIE
                      00128     MOVWF           INTCON
                      00129 
                      00130     BANKSEL         IOCB
                      00131     MOVLW           B'01110000'  ; Habilita interrupciones solo en RB4-RB6
                      00132     MOVWF           IOCB
                      00133 
                      00134     ENDM
                      00135 
                      00136 
                      00137 ;-------------------------
                      00138 ; Código principal
                      00139 ;-------------------------
                      00140                     ORG             0X00
0000   2???           00141                     GOTO            INICIO
                      00142                     
                      00143                     ORG             0X04
0004   2???           00144                     GOTO            ISR
                      00145                     
                      00146                     ORG             0X05
                      00147 
0005                  00148 INICIO              ;INICIO PROGRAMA
                      00149                     CONF_TECLADO
MPASM 5.81          PRUEBA_MODULO_ALARMA.ASM   6-19-2025  16:40:27         PAGE  4


LOC  OBJECT CODE     LINE SOURCE TEXT
  VALUE

                          M 
0005   1683 1703          M     BANKSEL         ANSELH
Message[302]: Register in operand not in bank 0.  Ensure that bank bits are correct.
0007   0189               M     CLRF            ANSELH          ; PUERTO B COMO DIGITAL
0008   3070               M     MOVLW           B'01110000'  
Message[302]: Register in operand not in bank 0.  Ensure that bank bits are correct.
0009   0086               M     MOVWF           TRISB           ; <RB0-RB3> SALIDAS 
                          M                                     ; <RB4-RB6> ENTRADAS
000A   1683 1303          M     BANKSEL         WPUB            
Message[302]: Register in operand not in bank 0.  Ensure that bank bits are correct.
000C   1381               M     BCF             OPTION_REG,7
000D   30FF               M     MOVLW           0XFF
Message[302]: Register in operand not in bank 0.  Ensure that bank bits are correct.
000E   0095               M     MOVWF           WPUB            ; RESISTENCIAS PULL-UPS ACTIVADAS
000F   1283 1303          M     BANKSEL         PORTB
0011   3070               M     MOVLW           B'01110000'     
0012   0086               M     MOVWF           PORTB           ;TODAS LAS ENTRADAS EN ALTO POR DEFECTO
                          M 
                      00150                     CONF_DISPLAY
0013   1683 1703          M     BANKSEL         ANSEL
0015   3080               M     MOVLW           B'10000000'  ; AN7 como analógico, demás pines como digital
Message[302]: Register in operand not in bank 0.  Ensure that bank bits are correct.
0016   0088               M     MOVWF           ANSEL
                          M 
0017   1683 1303          M     BANKSEL         TRISD
Message[302]: Register in operand not in bank 0.  Ensure that bank bits are correct.
0019   0188               M     CLRF            TRISD        ; PORTD completo como salida (segmentos)
                          M 
001A   30F0               M     MOVLW           B'11110000'  ; RA0-RA3 como salidas (control displays)
Message[302]: Register in operand not in bank 0.  Ensure that bank bits are correct.
001B   0085               M     MOVWF           TRISA        ; RA4-RA7 como entradas (no usadas)
                      00151                     CONF_ALARMA
001C   1683 1303          M     BANKSEL         TRISC
Message[302]: Register in operand not in bank 0.  Ensure that bank bits are correct.
001E   1007               M     BCF             TRISC, 0     ; RC0 como salida
                          M 
001F   1283 1303          M     BANKSEL         PORTC
0021   1007               M     BCF             PORTC, 0     ; Apaga la alarma inicialmente
                          M 
                      00152                     CONF_INTERRUPCION
0022   30A8               M     MOVLW           B'10101000'  ; Habilita: INTCON.GIE, INTCON.T0IE, INTCON.RBIE
0023   008B               M     MOVWF           INTCON
                          M 
0024   1683 1303          M     BANKSEL         IOCB
0026   3070               M     MOVLW           B'01110000'  ; Habilita interrupciones solo en RB4-RB6
Message[302]: Register in operand not in bank 0.  Ensure that bank bits are correct.
0027   0096               M     MOVWF           IOCB
                          M 
                      00153                     
0028   3032           00154                     MOVLW           .50            ; VALOR A SUPERAR PARA QUE SE ACTIVE LA ALARMA
0029   00F0           00155                     MOVWF           VAL_ADC        ;
002A   14F7           00156                     BSF             OPCIONES, 1    ; INICIALIZA LA ALARMA ACTIVADA
002B   3000           00157                     MOVLW           .0             ; VALOR MENOR AL VAL ADC PARA QUE NO SUENE
MPASM 5.81          PRUEBA_MODULO_ALARMA.ASM   6-19-2025  16:40:27         PAGE  5


LOC  OBJECT CODE     LINE SOURCE TEXT
  VALUE

002C   00F3           00158                     MOVWF           VAL_UMBRAL_C
002D   3007           00159                     MOVLW           .7             
002E   00F2           00160                     MOVWF           VAL_UMBRAL_D
002F   3005           00161                     MOVLW           .5             
0030   00F1           00162                     MOVWF           VAL_UMBRAL_U
                      00163                     
0031   1877           00164 REFRESH             BTFSC           OPCIONES, 0
0032   2???           00165                     CALL            MOSTRAR_TECLADO
0033   1C77           00166                     BTFSS           OPCIONES, 0
0034   2???           00167                     CALL            SHOW_ADC_DISPLAY
0035   2???           00168                     CALL            CHECK_ALARMA
                      00169                     
0036   2???           00170                     CALL            TEST_ALARMA
0037   2???           00171                     GOTO            REFRESH
                      00172                     
                      00173 ;--------------------------
                      00174 ; Subrutinas de la alarma
                      00175 ;--------------------------
                      00176 ;----------------------------------------------------------
                      00177 ; DESCOMP_VAL_ADC: Verifica que el valor del adc sea menor
                      00178 ;                  que el del valor umbral, y en base a eso
                      00179 ;                  edita el registro
                      00180 ;----------------------------------------------------------
0038                  00181 CHECK_ALARMA
0038   0873           00182                     MOVF            VAL_UMBRAL_C, W
0039   027E           00183                     SUBWF           VAL_ADC_C, W      ; VAL_ADC_C - VAL_UMBRAL_C
003A   1C03           00184                     BTFSS           STATUS, C         ; Si C=0 (VAL_ADC_C < VAL_UMBRAL_C)
003B   2???           00185                     GOTO            ALARMA_ON         ; Centena ADC menor que umbral -> Activar
                      00186 
003C   1D03           00187                     BTFSS           STATUS, Z         ; Si Z=1 (VAL_ADC_C = VAL_UMBRAL_C)
003D   2???           00188                     GOTO            ALARMA_OFF        ; Centena ADC mayor que umbral -> Desactivar
                      00189 
                      00190                     ; Si centenas iguales, comparar DECENAS
003E   0872           00191                     MOVF            VAL_UMBRAL_D, W
003F   027D           00192                     SUBWF           VAL_ADC_D, W      ; VAL_ADC_D - VAL_UMBRAL_D
0040   1C03           00193                     BTFSS           STATUS, C         ; Si C=0 (VAL_ADC_D < VAL_UMBRAL_D)
0041   2???           00194                     GOTO            ALARMA_ON         ; Decena ADC menor que umbral -> Activar
                      00195 
0042   1D03           00196                     BTFSS           STATUS, Z         ; Si Z=1 (VAL_ADC_D = VAL_UMBRAL_D)
0043   2???           00197                     GOTO            ALARMA_OFF        ; Decena ADC mayor que umbral -> Desactivar
                      00198 
                      00199                     ; Si decenas iguales, comparar UNIDADES
0044   0871           00200                     MOVF            VAL_UMBRAL_U, W
0045   027C           00201                     SUBWF           VAL_ADC_U, W      ; VAL_ADC_U - VAL_UMBRAL_U
0046   1C03           00202                     BTFSS           STATUS, C         ; Si C=0 (VAL_ADC_U < VAL_UMBRAL_U)
0047   2???           00203                     GOTO            ALARMA_ON         ; Unidad ADC menor que umbral -> Activar
                      00204 
                      00205                     ; Si llegamos aquí, VAL_ADC >= VAL_UMBRAL
0048   14F7           00206 ALARMA_ON           BSF             OPCIONES, 1       ; Setear bit de estado de alarma
0049   0008           00207                     RETURN
                      00208 
004A   10F7           00209 ALARMA_OFF          BCF             OPCIONES, 1       ; Limpiar bit de estado de alarma
                      00210                                                         
MPASM 5.81          PRUEBA_MODULO_ALARMA.ASM   6-19-2025  16:40:27         PAGE  6


LOC  OBJECT CODE     LINE SOURCE TEXT
  VALUE

004B   0008           00211                     RETURN
                      00212                     
                      00213 ; Togglea entre alarma activada y desactivada
004C                  00214 TEST_ALARMA         
004C   1283 1303      00215                     BANKSEL         PORTC
004E   1977           00216                     BTFSC           OPCIONES, 2
004F   2???           00217                     CALL            VERIFICAR_ALARMA
0050   1D77           00218                     BTFSS           OPCIONES, 2
0051   1007           00219                     BCF             PORTC, 0
0052   0008           00220                     RETURN
                      00221                     
0053   18F7           00222 VERIFICAR_ALARMA    BTFSC           OPCIONES, 1
0054   1407           00223                     BSF             PORTC, 0
0055   1CF7           00224                     BTFSS           OPCIONES, 1
0056   1007           00225                     BCF             PORTC, 0
0057   0008           00226                     RETURN
                      00227                     
                      00228 ;-------------------------- 
                      00229 ; Subrutinas del display
                      00230 ;--------------------------
                      00231 ;----------------------------------------------------------
                      00232 ; DESCOMP_VAL_ADC: Descompone valor ADC (0-255) en dígitos
                      00233 ;   Entrada: VAL_ADC (valor a descomponer)
                      00234 ;   Salida:  VAL_ADC_U (unidades)
                      00235 ;            VAL_ADC_D (decenas)
                      00236 ;            VAL_ADC_C (centenas)
                      00237 ;            VAL_ADC_M (unidades de mil, siempre 0)
                      00238 ;   Altera:  W, STATUS
                      00239 ;----------------------------------------------------------
                      00240 
0058   1283           00241 DESCOMP_VAL_ADC     BCF             STATUS, RP0
0059   1303           00242                     BCF             STATUS, RP1     ;BANCO DE LOS VALORES DE ADC 
005A   0870           00243                     MOVF            VAL_ADC, W
005B   00A3           00244                     MOVWF           TEMP_VAL_ADC    ;GUARDA UNA COMPIA DE VAL_ADC
005C   01FC           00245                     CLRF            VAL_ADC_U       ;UNIDAD DEL VALOR A MOSTRAR
005D   01FD           00246                     CLRF            VAL_ADC_D       ;UNIDAD DE DECENA DEL VALOR A MOSTRAR
005E   01FE           00247                     CLRF            VAL_ADC_C       ;UNIDAD DE CENTENA DEL VALOR A MOSTRAR
005F   01FF           00248                     CLRF            VAL_ADC_M       ;NUNCA VALE DISTINTO DE CERO
                      00249                     
0060   3064           00250 TEST_C              MOVLW           .100            ;CALCULA LA CENTENA
0061   02A3           00251                     SUBWF           TEMP_VAL_ADC, F
0062   1803           00252                     BTFSC           STATUS, C
0063   2???           00253                     GOTO            ADD_C
0064   3064           00254                     MOVLW           .100            ;SI ES NEGATIVO RECUPERA EL VALOR ORIGINAL (SOLO SE 
                            DA CUANDO ES 0)          
0065   07A3           00255                     ADDWF           TEMP_VAL_ADC, F 
0066   2???           00256                     GOTO            TEST_D 
                      00257                     
0067   300A           00258 TEST_D              MOVLW           .10             ;CALCULA LA DECENA
0068   02A3           00259                     SUBWF           TEMP_VAL_ADC, F
0069   1803           00260                     BTFSC           STATUS, C
006A   2???           00261                     GOTO            ADD_D
006B   300A           00262                     MOVLW           .10             ;SI ES NEGATIVO RECUPERA EL VALOR ORIGINAL (SOLO SE 
MPASM 5.81          PRUEBA_MODULO_ALARMA.ASM   6-19-2025  16:40:27         PAGE  7


LOC  OBJECT CODE     LINE SOURCE TEXT
  VALUE

                            DA CUANDO ES 0)          
006C   07A3           00263                     ADDWF           TEMP_VAL_ADC, F 
006D   2???           00264                     GOTO            TEST_U
                      00265                     
006E   3001           00266 TEST_U              MOVLW           .1              ;CALCULA LA UNIDAD
006F   02A3           00267                     SUBWF           TEMP_VAL_ADC, F
0070   1803           00268                     BTFSC           STATUS, C
0071   2???           00269                     GOTO            ADD_U
0072   3001           00270                     MOVLW           .1              ;SI ES NEGATIVO RECUPERA EL VALOR ORIGINAL (SOLO SE 
                            DA CUANDO ES 0)          
0073   07A3           00271                     ADDWF           TEMP_VAL_ADC, F 
                      00272                     
0074   0008           00273                     RETURN      
                      00274 
0075   0AFE           00275 ADD_C               INCF            VAL_ADC_C, F
0076   2???           00276                     GOTO            TEST_C
                      00277 
0077   0AFD           00278 ADD_D               INCF            VAL_ADC_D, F
0078   2???           00279                     GOTO            TEST_D         
                      00280 
0079   0AFC           00281 ADD_U               INCF            VAL_ADC_U, F
007A   2???           00282                     GOTO            TEST_U
                      00283         
                      00284 ;------------------------------------------------
                      00285 ; SHOW_ADC_DISPLAY: Muestra valor ADC en displays
                      00286 ;   Usa: VAL_ADC_U, VAL_ADC_D, VAL_ADC_C
                      00287 ;   Requiere: TABLA_DSPL inicializada
                      00288 ;   Tiempo: ~20ms (4 displays * 5ms)
                      00289 ;------------------------------------------------
007B   2???           00290 SHOW_ADC_DISPLAY    CALL            DESCOMP_VAL_ADC
                      00291                     
007C   1283 1303      00292                     BANKSEL         PORTA           ;BANCO 0
007E   3001           00293                     MOVLW           B'00000001'
007F   0085           00294                     MOVWF           PORTA           ;ACTIVA DISPLAY 1 Y DESACTIVA LOS DEMAS
0080   087C           00295                     MOVF            VAL_ADC_U, W
0081   2???           00296                     CALL            TABLA_DSPL      
0082   0088           00297                     MOVWF           PORTD           ;CARGA EL VALOR DE LA UNIDAD EN EL DISPLAY CON SU CO
                            RRESPONDIENTE FORMATO
0083   2???           00298                     CALL            DELAY5ms
                      00299                     
0084   3002           00300                     MOVLW           B'00000010'
0085   0085           00301                     MOVWF           PORTA           ;ACTIVA DISPLAY 2 Y DESACTIVA LOS DEMAS
0086   087D           00302                     MOVF            VAL_ADC_D, W
0087   2???           00303                     CALL            TABLA_DSPL
0088   0088           00304                     MOVWF           PORTD           ;CARGA EL VALOR DE LA DECENA EN EL DISPLAY CON SU CO
                            RRESPONDIENTE FORMATO
0089   2???           00305                     CALL            DELAY5ms
                      00306                     
008A   3004           00307                     MOVLW           B'00000100'
008B   0085           00308                     MOVWF           PORTA           ;ACTIVA DISPLAY 3 Y DESACTIVA LOS DEMAS
008C   087E           00309                     MOVF            VAL_ADC_C, W
008D   2???           00310                     CALL            TABLA_DSPL
008E   0088           00311                     MOVWF           PORTD           ;CARGA EL VALOR DE LA CENTENA EN EL DISPLAY CON SU C
MPASM 5.81          PRUEBA_MODULO_ALARMA.ASM   6-19-2025  16:40:27         PAGE  8


LOC  OBJECT CODE     LINE SOURCE TEXT
  VALUE

                            ORRESPONDIENTE FORMATO
008F   2???           00312                     CALL            DELAY5ms
                      00313                     
0090   3008           00314                     MOVLW           B'00001000'
0091   0085           00315                     MOVWF           PORTA           ;ACTIVA DISPLAY 4 Y DESACTIVA LOS DEMAS
0092   087F           00316                     MOVF            VAL_ADC_M, W
0093   2???           00317                     CALL            TABLA_DSPL
0094   0088           00318                     MOVWF           PORTD           ;CARGA EL VALOR DE LA UNIDAD DE MIL EN EL DISPLAY CO
                            N SU CORRESPONDIENTE FORMATO
0095   2???           00319                     CALL            DELAY5ms
0096   0008           00320                     RETURN
                      00321                     
                      00322                     ;DELAY DE 5ms USADO PARA MOSTRAR VALORES EN DISPLAY (SHOW_DISPLAY)
0097   1283           00323 DELAY5ms            BCF             STATUS, RP0
0098   1303           00324                     BCF             STATUS, RP1     ;BANCO 0
0099   3005           00325                     MOVLW           .5              ;m=5
009A   00A0           00326                     MOVWF           DELAY1DSPL
009B   3005           00327 DELAY1              MOVLW           .5              ;n=5
009C   00A1           00328                     MOVWF           DELAY2DSPL
009D   3041           00329 DELAY2              MOVLW           .65             ;p=65
009E   00A2           00330                     MOVWF           DELAY3DSPL
009F   0BA2           00331 DELAY3              DECFSZ          DELAY3DSPL, F
00A0   2???           00332                     GOTO            DELAY3
00A1   0BA1           00333                     DECFSZ          DELAY2DSPL, F
00A2   2???           00334                     GOTO            DELAY2
00A3   0BA0           00335                     DECFSZ          DELAY1DSPL, F
00A4   2???           00336                     GOTO            DELAY1
00A5   0008           00337                     RETURN
                      00338                     
                      00339 
                      00340                     ;TABLA CON PARA ENCENDER LOS SEGMENTOS CORRESPONDIENTES A CATODO COMUN (LOGICA POSIT
                            IVA)
00A6   0782           00341 TABLA_DSPL          ADDWF           PCL, F
00A7   343F           00342                     RETLW           0X3F            ;0
00A8   3406           00343                     RETLW           0X06            ;1
00A9   345B           00344                     RETLW           0X5B            ;2
00AA   344F           00345                     RETLW           0X4F            ;3
00AB   3466           00346                     RETLW           0X66            ;4
00AC   346D           00347                     RETLW           0X6D            ;5
00AD   347D           00348                     RETLW           0X7D            ;6
00AE   3407           00349                     RETLW           0X07            ;7
00AF   347F           00350                     RETLW           0X7F            ;8
00B0   3467           00351                     RETLW           0X67            ;9   
                      00352 
                      00353                     
                      00354                      
                      00355 ;-------------------------
                      00356 ; Subrutinas del teclado
                      00357 ;-------------------------
                      00358 ;LAYOUT TECLADO:
                      00359 ; 1  2  3
                      00360 ; 4  5  6
                      00361 ; 7  8  9
MPASM 5.81          PRUEBA_MODULO_ALARMA.ASM   6-19-2025  16:40:27         PAGE  9


LOC  OBJECT CODE     LINE SOURCE TEXT
  VALUE

                      00362 ; *  0  #
                      00363 ;
                      00364 ;------------------------------------------------
                      00365 ; ISR_TECLADO: Maneja interrupciones del teclado
                      00366 ;   Detecta tecla presionada mediante barrido
                      00367 ;   Maneja teclas especiales (* y #)
                      00368 ;   Almacena valores numéricos para umbral
                      00369 ;   Lógica antirrebote incorporada
                      00370 ;------------------------------------------------
00B1   01F4           00371 ISR_TECLADO         CLRF            POS_TECLA
                      00372                     
00B2   01F6           00373                     CLRF            TECLA_ACTIVA
                      00374                     
00B3   3003           00375                     MOVLW           .3              ;VERIFICA QUE N_TECLA NO SUPERE 3
00B4   0275           00376                     SUBWF           N_TECLA, W
00B5   1903           00377                     BTFSC           STATUS,Z
00B6   01F5           00378                     CLRF            N_TECLA
                      00379                     
00B7   1283 1303      00380                     BANKSEL         PORTB
00B9   30FE           00381                     MOVLW           B'11111110'
00BA   0086           00382                     MOVWF           PORTB
00BB   0000           00383                     NOP
00BC   2???           00384                     GOTO            TEST_COL
                      00385                     
                      00386         
00BD   0AF4           00387 TEST_COL            INCF            POS_TECLA, F
00BE   1E06           00388                     BTFSS           PORTB, RB4      ;TESTEA COLUMNA1
00BF   2???           00389                     GOTO            TECLA_PRES
                      00390                     
00C0   0AF4           00391                     INCF            POS_TECLA, F
00C1   1E86           00392                     BTFSS           PORTB, RB5      ;TESTEA COLUMNA2
00C2   2???           00393                     GOTO            TECLA_PRES
                      00394                     
00C3   0AF4           00395                     INCF            POS_TECLA, F
00C4   1F06           00396                     BTFSS           PORTB, RB6      ;TESTEA COLUMNA3
00C5   2???           00397                     GOTO            TECLA_PRES
00C6   2???           00398                     GOTO            CAMBIAR_FILA
                      00399 
00C7   300C           00400 CAMBIAR_FILA        MOVLW           .12
00C8   0274           00401                     SUBWF           POS_TECLA, W
00C9   1903           00402                     BTFSC           STATUS, Z
00CA   2???           00403                     GOTO            FIN_ISR_TECLADO ;FINALIZA 
00CB   1403           00404                     BSF             STATUS, C
00CC   0D86           00405                     RLF             PORTB, F        ;MUEVE EL CERO A LA IZQUIERDA
00CD   2???           00406                     GOTO            TEST_COL
                      00407                     
                      00408                     
00CE   1E06           00409 TECLA_PRES          BTFSS           PORTB, RB4      ;----------
00CF   2???           00410                     GOTO            TECLA_PRES      ;
00D0   1E86           00411                     BTFSS           PORTB, RB5      ;ANTIREBOTE
00D1   2???           00412                     GOTO            TECLA_PRES      ;ANTIREBOTE
00D2   1F06           00413                     BTFSS           PORTB, RB6      ;
00D3   2???           00414                     GOTO            TECLA_PRES      ;----------
MPASM 5.81          PRUEBA_MODULO_ALARMA.ASM   6-19-2025  16:40:27         PAGE 10


LOC  OBJECT CODE     LINE SOURCE TEXT
  VALUE

                      00415                     
                      00416                     ; VERIFICA SI ES UNA TECLA ESPECIAL
00D4   0874           00417                     MOVF            POS_TECLA, W
00D5   00F6           00418                     MOVWF           TECLA_ACTIVA
                      00419                 
                      00420                     ; TECLA '*' (POSICION 10): CAMBIA DISPLAY
00D6   300A           00421                     MOVLW           .10
00D7   0276           00422                     SUBWF           TECLA_ACTIVA, W
00D8   1903           00423                     BTFSC           STATUS, Z
00D9   2???           00424                     GOTO            CAMBIAR_DSPL
                      00425                 
                      00426                     ; TECLA '#' (POSICION 12): ACTIVA/DESACTIVA ALARMA
00DA   300C           00427                     MOVLW           .12
00DB   0276           00428                     SUBWF           TECLA_ACTIVA, W
00DC   1903           00429                     BTFSC           STATUS, Z
00DD   2???           00430                     GOTO            CAMBIAR_ALARMA
                      00431                 
                      00432                     ; SI NO ERA TECLA ESPECIAL ENTONCES SIGUE Y CARGA VALORES
00DE   0AF5           00433                     INCF            N_TECLA, F
00DF   3001           00434                     MOVLW           .1
00E0   0275           00435                     SUBWF           N_TECLA,W
00E1   1903           00436                     BTFSC           STATUS,Z
00E2   2???           00437                     GOTO            CARGAR_UMBRAL_C
                      00438                     
00E3   3002           00439                     MOVLW           .2
00E4   0275           00440                     SUBWF           N_TECLA,W
00E5   1903           00441                     BTFSC           STATUS,Z
00E6   2???           00442                     GOTO            CARGAR_UMBRAL_D
                      00443                     
00E7   3003           00444                     MOVLW           .3
00E8   0275           00445                     SUBWF           N_TECLA,W
00E9   1903           00446                     BTFSC           STATUS,Z
00EA   2???           00447                     GOTO            CARGAR_UMBRAL_U
                      00448                           
00EB   2???           00449                     GOTO            FIN_ISR_TECLADO
                      00450                     
                      00451                     
00EC                  00452 CARGAR_UMBRAL_C    
00EC   0874           00453                     MOVF            POS_TECLA, W
00ED   2???           00454                     CALL            TABLA_TECLADO
00EE   00F3           00455                     MOVWF           VAL_UMBRAL_C
00EF   2???           00456                     GOTO            FIN_ISR_TECLADO
                      00457 
00F0                  00458 CARGAR_UMBRAL_D    
00F0   0874           00459                     MOVF            POS_TECLA, W
00F1   2???           00460                     CALL            TABLA_TECLADO
00F2   00F2           00461                     MOVWF           VAL_UMBRAL_D
00F3   2???           00462                     GOTO            FIN_ISR_TECLADO
                      00463                     
00F4                  00464 CARGAR_UMBRAL_U     
00F4   0874           00465                     MOVF            POS_TECLA, W
00F5   2???           00466                     CALL            TABLA_TECLADO
00F6   00F1           00467                     MOVWF           VAL_UMBRAL_U
MPASM 5.81          PRUEBA_MODULO_ALARMA.ASM   6-19-2025  16:40:27         PAGE 11


LOC  OBJECT CODE     LINE SOURCE TEXT
  VALUE

00F7   2???           00468                     GOTO            FIN_ISR_TECLADO
                      00469 
                      00470 ;----------------------------------------------
                      00471 ; CAMBIAR_DSPL: Alterna modo de visualización
                      00472 ;   Alterna BIT 0 de OPCIONES:
                      00473 ;     0 = Muestra valores del ADC
                      00474 ;     1 = Muestra valores del teclado (umbral)
                      00475 ;----------------------------------------------
00F8                  00476 CAMBIAR_DSPL        
00F8   3001           00477                     MOVLW           B'00000001'
00F9   06F7           00478                     XORWF           OPCIONES, F                    
00FA   2???           00479                     GOTO            FIN_ISR_TECLADO
                      00480 
                      00481 ;-----------------------------------------
                      00482 ; CAMBIAR_ALARMA: Activa/desactiva alarma
                      00483 ;   Alterna BIT 1 de OPCIONES:
                      00484 ;     0 = Alarma desactivada
                      00485 ;     1 = Alarma activada
                      00486 ;   Control físico en RC0
                      00487 ;-----------------------------------------
00FB                  00488 CAMBIAR_ALARMA      
00FB   3004           00489                     MOVLW           B'00000100'     
00FC   06F7           00490                     XORWF           OPCIONES, F    
00FD   2???           00491                     GOTO            FIN_ISR_TECLADO
                      00492                                     
00FE                  00493 FIN_ISR_TECLADO     
00FE   300F           00494                     MOVLW           B'00001111'
00FF   0086           00495                     MOVWF           PORTB
0100   100B           00496                     BCF             INTCON, RBIF
0101   0008           00497                     RETURN  
                      00498                     
                      00499                     
0102                  00500 TABLA_TECLADO       
0102   0782           00501                     ADDWF           PCL, F
0103   0000           00502                     NOP                             ;   NO DEBERIA LLEGAR A ESTA LINEA
0104   3401           00503                     RETLW           .1              ;1
0105   3402           00504                     RETLW           .2              ;2
0106   3403           00505                     RETLW           .3              ;3
0107   3404           00506                     RETLW           .4              ;4
0108   3405           00507                     RETLW           .5              ;5
0109   3406           00508                     RETLW           .6              ;6
010A   3407           00509                     RETLW           .7              ;7
010B   3408           00510                     RETLW           .8              ;8
010C   3409           00511                     RETLW           .9              ;9
010D   34FF           00512                     RETLW           0XFF            ;*  NO DEBERIA LLEGAR A ESTA LINEA
010E   3400           00513                     RETLW           .0              ;0
010F   34FE           00514                     RETLW           0XFE            ;#  NO DEBERIA LLEGAR A ESTA LINEA
                      00515                     
                      00516                     
                      00517                         
0110                  00518 MOSTRAR_TECLADO    
0110   1283 1303      00519                     BANKSEL         PORTA           
0112   3001           00520                     MOVLW           B'00000001'
MPASM 5.81          PRUEBA_MODULO_ALARMA.ASM   6-19-2025  16:40:27         PAGE 12


LOC  OBJECT CODE     LINE SOURCE TEXT
  VALUE

0113   0085           00521                     MOVWF           PORTA           ;ACTIVA DISPLAY 1 Y DESACTIVA LOS DEMAS
0114   0871           00522                     MOVF            VAL_UMBRAL_U, W
0115   2???           00523                     CALL            TABLA_DSPL      
0116   0088           00524                     MOVWF           PORTD           ;CARGA EL VALOR DE LA UNIDAD EN EL DISPLAY CON SU CO
                            RRESPONDIENTE FORMATO
0117   2???           00525                     CALL            DELAY5ms        
                      00526                     
0118   3002           00527                     MOVLW           B'00000010'
0119   0085           00528                     MOVWF           PORTA           ;ACTIVA DISPLAY 2 Y DESACTIVA LOS DEMAS
011A   0872           00529                     MOVF            VAL_UMBRAL_D, W
011B   2???           00530                     CALL            TABLA_DSPL
011C   0088           00531                     MOVWF           PORTD           ;CARGA EL VALOR DE LA DECENA EN EL DISPLAY CON SU CO
                            RRESPONDIENTE FORMATO
011D   2???           00532                     CALL            DELAY5ms
                      00533 
011E   3004           00534                     MOVLW           B'00000100'
011F   0085           00535                     MOVWF           PORTA           ;ACTIVA DISPLAY 3 Y DESACTIVA LOS DEMAS
0120   0873           00536                     MOVF            VAL_UMBRAL_C, W
0121   2???           00537                     CALL            TABLA_DSPL
0122   0088           00538                     MOVWF           PORTD           ;CARGA EL VALOR DE LA CENTENA EN EL DISPLAY CON SU C
                            ORRESPONDIENTE FORMATO
0123   2???           00539                     CALL            DELAY5ms
                      00540                     
0124   3008           00541                     MOVLW           B'00001000'
0125   0085           00542                     MOVWF           PORTA           ;ACTIVA DISPLAY 4 Y DESACTIVA LOS DEMAS
0126   3000           00543                     MOVLW           .0
0127   2???           00544                     CALL            TABLA_DSPL
0128   0088           00545                     MOVWF           PORTD           
0129   2???           00546                     CALL            DELAY5ms
                      00547                     
012A   0008           00548                     RETURN
                      00549 
                      00550 
                      00551 ;-------------------------
                      00552 ; Servicio de interrupcion
                      00553 ;-------------------------
                      00554                     ;SALVADO DE CONTEXTO
012B                  00555 ISR                 
012B   00FA           00556                     MOVWF           W_TEMP
012C   0E03           00557                     SWAPF           STATUS, W
012D   00FB           00558                     MOVWF           STATUS_TEMP
                      00559                     ;FIN DE SALVADO DE CONTEXTO
                      00560                     ;INICIO ISR                 FUENTES DE INTERRUPCION: PUERTO B(TECLADO), TIMER0(ADC)
012E   180B           00561                     BTFSC           INTCON, RBIF
012F   2???           00562                     CALL            ISR_TECLADO
                      00563                     ;RECUPERACION DE CONTEXTO
0130   0E7B           00564                     SWAPF           STATUS_TEMP, W
0131   0083           00565                     MOVWF           STATUS
0132   0EFA           00566                     SWAPF           W_TEMP, F
0133   0EFA           00567                     SWAPF           W_TEMP, F
                      00568                     ;FIN DE RECUPERACION DE CONTEXTO
0134   0009           00569                     RETFIE
                      00570                     
MPASM 5.81          PRUEBA_MODULO_ALARMA.ASM   6-19-2025  16:40:27         PAGE 13


LOC  OBJECT CODE     LINE SOURCE TEXT
  VALUE

                      00571                     
2FF1                  00572                     END
MPASM 5.81          PRUEBA_MODULO_ALARMA.ASM   6-19-2025  16:40:27         PAGE 14


SYMBOL TABLE
  LABEL                             VALUE 

ABDEN                             00000000
ABDOVF                            00000007
ACKDT                             00000005
ACKEN                             00000004
ACKSTAT                           00000006
ADCON0                            0000001F
ADCON1                            0000009F
ADCS0                             00000006
ADCS1                             00000007
ADDEN                             00000003
ADD_C                             00000075
ADD_D                             00000077
ADD_U                             00000079
ADFM                              00000007
ADIE                              00000006
ADIF                              00000006
ADON                              00000000
ADRESH                            0000001E
ADRESL                            0000009E
ALARMA_OFF                        0000004A
ALARMA_ON                         00000048
ANS0                              00000000
ANS1                              00000001
ANS10                             00000002
ANS11                             00000003
ANS12                             00000004
ANS13                             00000005
ANS2                              00000002
ANS3                              00000003
ANS4                              00000004
ANS5                              00000005
ANS6                              00000006
ANS7                              00000007
ANS8                              00000000
ANS9                              00000001
ANSEL                             00000188
ANSELH                            00000189
BAUDCTL                           00000187
BCLIE                             00000003
BCLIF                             00000003
BF                                00000000
BRG0                              00000000
BRG1                              00000001
BRG10                             00000002
BRG11                             00000003
BRG12                             00000004
BRG13                             00000005
BRG14                             00000006
BRG15                             00000007
BRG16                             00000003
BRG2                              00000002
BRG3                              00000003
BRG4                              00000004
MPASM 5.81          PRUEBA_MODULO_ALARMA.ASM   6-19-2025  16:40:27         PAGE 15


SYMBOL TABLE
  LABEL                             VALUE 

BRG5                              00000005
BRG6                              00000006
BRG7                              00000007
BRG8                              00000000
BRG9                              00000001
BRGH                              00000002
C                                 00000000
C1CH0                             00000000
C1CH1                             00000001
C1IE                              00000005
C1IF                              00000005
C1OE                              00000005
C1ON                              00000007
C1OUT                             00000006
C1POL                             00000004
C1R                               00000002
C1RSEL                            00000005
C1SEN                             00000005
C2CH0                             00000000
C2CH1                             00000001
C2IE                              00000006
C2IF                              00000006
C2OE                              00000005
C2ON                              00000007
C2OUT                             00000006
C2POL                             00000004
C2R                               00000002
C2REN                             00000004
C2RSEL                            00000004
C2SYNC                            00000000
CAMBIAR_ALARMA                    000000FB
CAMBIAR_DSPL                      000000F8
CAMBIAR_FILA                      000000C7
CARGAR_UMBRAL_C                   000000EC
CARGAR_UMBRAL_D                   000000F0
CARGAR_UMBRAL_U                   000000F4
CCP1CON                           00000017
CCP1IE                            00000002
CCP1IF                            00000002
CCP1M0                            00000000
CCP1M1                            00000001
CCP1M2                            00000002
CCP1M3                            00000003
CCP1X                             00000005
CCP1Y                             00000004
CCP2CON                           0000001D
CCP2IE                            00000000
CCP2IF                            00000000
CCP2M0                            00000000
CCP2M1                            00000001
CCP2M2                            00000002
CCP2M3                            00000003
CCP2X                             00000005
MPASM 5.81          PRUEBA_MODULO_ALARMA.ASM   6-19-2025  16:40:27         PAGE 16


SYMBOL TABLE
  LABEL                             VALUE 

CCP2Y                             00000004
CCPR1                             00000015
CCPR1H                            00000016
CCPR1L                            00000015
CCPR2                             0000001B
CCPR2H                            0000001C
CCPR2L                            0000001B
CHECK_ALARMA                      00000038
CHS0                              00000002
CHS1                              00000003
CHS2                              00000004
CHS3                              00000005
CKE                               00000006
CKP                               00000004
CM1CON0                           00000107
CM2CON0                           00000108
CM2CON1                           00000109
CONF_ALARMA                       
CONF_DISPLAY                      
CONF_INTERRUPCION                 
CONF_TECLADO                      
CREN                              00000004
CSRC                              00000007
D                                 00000005
DATA_ADDRESS                      00000005
DC                                00000001
DC1B0                             00000004
DC1B1                             00000005
DC2B0                             00000004
DC2B1                             00000005
DELAY1                            0000009B
DELAY1DSPL                        00000020
DELAY1TMR0                        00000078
DELAY2                            0000009D
DELAY2DSPL                        00000021
DELAY2TMR0                        00000079
DELAY3                            0000009F
DELAY3DSPL                        00000022
DELAY5ms                          00000097
DESCOMP_VAL_ADC                   00000058
D_A                               00000005
D_NOT_A                           00000005
ECCPAS                            0000009C
ECCPAS0                           00000004
ECCPAS1                           00000005
ECCPAS2                           00000006
ECCPASE                           00000007
EEADR                             0000010D
EEADRH                            0000010F
EECON1                            0000018C
EECON2                            0000018D
EEDAT                             0000010C
EEDATA                            0000010C
MPASM 5.81          PRUEBA_MODULO_ALARMA.ASM   6-19-2025  16:40:27         PAGE 17


SYMBOL TABLE
  LABEL                             VALUE 

EEDATH                            0000010E
EEIE                              00000004
EEIF                              00000004
EEPGD                             00000007
F                                 00000001
FERR                              00000002
FIN_ISR_TECLADO                   000000FE
FSR                               00000004
FVREN                             00000000
GCEN                              00000007
GIE                               00000007
GO                                00000001
GO_DONE                           00000001
GO_NOT_DONE                       00000001
HTS                               00000002
I2C_DATA                          00000005
I2C_READ                          00000002
I2C_START                         00000003
I2C_STOP                          00000004
INDF                              00000000
INICIO                            00000005
INTCON                            0000000B
INTE                              00000004
INTEDG                            00000006
INTF                              00000001
IOCB                              00000096
IOCB0                             00000000
IOCB1                             00000001
IOCB2                             00000002
IOCB3                             00000003
IOCB4                             00000004
IOCB5                             00000005
IOCB6                             00000006
IOCB7                             00000007
IRCF0                             00000004
IRCF1                             00000005
IRCF2                             00000006
IRP                               00000007
ISR                               0000012B
ISR_TECLADO                       000000B1
LTS                               00000001
MC1OUT                            00000007
MC2OUT                            00000006
MOSTRAR_TECLADO                   00000110
MSK                               00000093
MSK0                              00000000
MSK1                              00000001
MSK2                              00000002
MSK3                              00000003
MSK4                              00000004
MSK5                              00000005
MSK6                              00000006
MSK7                              00000007
MPASM 5.81          PRUEBA_MODULO_ALARMA.ASM   6-19-2025  16:40:27         PAGE 18


SYMBOL TABLE
  LABEL                             VALUE 

NOT_A                             00000005
NOT_ADDRESS                       00000005
NOT_BO                            00000000
NOT_BOR                           00000000
NOT_DONE                          00000001
NOT_PD                            00000003
NOT_POR                           00000001
NOT_RBPU                          00000007
NOT_RC8                           00000006
NOT_T1SYNC                        00000002
NOT_TO                            00000004
NOT_TX8                           00000006
NOT_W                             00000002
NOT_WRITE                         00000002
N_TECLA                           00000075
OERR                              00000001
OPCIONES                          00000077
OPTION_REG                        00000081
OSCCON                            0000008F
OSCTUNE                           00000090
OSFIE                             00000007
OSFIF                             00000007
OSTS                              00000003
P                                 00000004
P1M0                              00000006
P1M1                              00000007
PCL                               00000002
PCLATH                            0000000A
PCON                              0000008E
PDC0                              00000000
PDC1                              00000001
PDC2                              00000002
PDC3                              00000003
PDC4                              00000004
PDC5                              00000005
PDC6                              00000006
PEIE                              00000006
PEN                               00000002
PIE1                              0000008C
PIE2                              0000008D
PIR1                              0000000C
PIR2                              0000000D
PORTA                             00000005
PORTB                             00000006
PORTC                             00000007
PORTD                             00000008
PORTE                             00000009
POS_TECLA                         00000074
PR2                               00000092
PRSEN                             00000007
PS0                               00000000
PS1                               00000001
PS2                               00000002
MPASM 5.81          PRUEBA_MODULO_ALARMA.ASM   6-19-2025  16:40:27         PAGE 19


SYMBOL TABLE
  LABEL                             VALUE 

PSA                               00000003
PSSAC0                            00000002
PSSAC1                            00000003
PSSBD0                            00000000
PSSBD1                            00000001
PSTRCON                           0000009D
PULSR                             00000002
PULSS                             00000003
PWM1CON                           0000009B
R                                 00000002
RA0                               00000000
RA1                               00000001
RA2                               00000002
RA3                               00000003
RA4                               00000004
RA5                               00000005
RA6                               00000006
RA7                               00000007
RB0                               00000000
RB1                               00000001
RB2                               00000002
RB3                               00000003
RB4                               00000004
RB5                               00000005
RB6                               00000006
RB7                               00000007
RBIE                              00000003
RBIF                              00000000
RC0                               00000000
RC1                               00000001
RC2                               00000002
RC3                               00000003
RC4                               00000004
RC5                               00000005
RC6                               00000006
RC7                               00000007
RC8_9                             00000006
RC9                               00000006
RCD8                              00000000
RCEN                              00000003
RCIDL                             00000006
RCIE                              00000005
RCIF                              00000005
RCREG                             0000001A
RCSTA                             00000018
RD                                00000000
RD0                               00000000
RD1                               00000001
RD2                               00000002
RD3                               00000003
RD4                               00000004
RD5                               00000005
RD6                               00000006
MPASM 5.81          PRUEBA_MODULO_ALARMA.ASM   6-19-2025  16:40:27         PAGE 20


SYMBOL TABLE
  LABEL                             VALUE 

RD7                               00000007
RE0                               00000000
RE1                               00000001
RE2                               00000002
RE3                               00000003
READ_WRITE                        00000002
REFRESH                           00000031
RP0                               00000005
RP1                               00000006
RSEN                              00000001
RX9                               00000006
RX9D                              00000000
R_NOT_W                           00000002
R_W                               00000002
S                                 00000003
SBOREN                            00000004
SCKP                              00000004
SCS                               00000000
SEN                               00000000
SENDB                             00000003
SHOW_ADC_DISPLAY                  0000007B
SMP                               00000007
SPBRG                             00000099
SPBRGH                            0000009A
SPEN                              00000007
SR0                               00000006
SR1                               00000007
SRCON                             00000185
SREN                              00000005
SSPADD                            00000093
SSPBUF                            00000013
SSPCON                            00000014
SSPCON2                           00000091
SSPEN                             00000005
SSPIE                             00000003
SSPIF                             00000003
SSPM0                             00000000
SSPM1                             00000001
SSPM2                             00000002
SSPM3                             00000003
SSPMSK                            00000093
SSPOV                             00000006
SSPSTAT                           00000094
STATUS                            00000003
STATUS_TEMP                       0000007B
STRA                              00000000
STRB                              00000001
STRC                              00000002
STRD                              00000003
STRSYNC                           00000004
SWDTEN                            00000000
SYNC                              00000004
T0CS                              00000005
MPASM 5.81          PRUEBA_MODULO_ALARMA.ASM   6-19-2025  16:40:27         PAGE 21


SYMBOL TABLE
  LABEL                             VALUE 

T0IE                              00000005
T0IF                              00000002
T0SE                              00000004
T1CKPS0                           00000004
T1CKPS1                           00000005
T1CON                             00000010
T1GINV                            00000007
T1GIV                             00000007
T1GSS                             00000001
T1INSYNC                          00000002
T1OSCEN                           00000003
T1SYNC                            00000002
T2CKPS0                           00000000
T2CKPS1                           00000001
T2CON                             00000012
TABLA_DSPL                        000000A6
TABLA_TECLADO                     00000102
TECLA_ACTIVA                      00000076
TECLA_PRES                        000000CE
TEMP_VAL_ADC                      00000023
TEST_ALARMA                       0000004C
TEST_C                            00000060
TEST_COL                          000000BD
TEST_D                            00000067
TEST_U                            0000006E
TMR0                              00000001
TMR0IE                            00000005
TMR0IF                            00000002
TMR1                              0000000E
TMR1CS                            00000001
TMR1GE                            00000006
TMR1H                             0000000F
TMR1IE                            00000000
TMR1IF                            00000000
TMR1L                             0000000E
TMR1ON                            00000000
TMR2                              00000011
TMR2IE                            00000001
TMR2IF                            00000001
TMR2ON                            00000002
TOUTPS0                           00000003
TOUTPS1                           00000004
TOUTPS2                           00000005
TOUTPS3                           00000006
TRISA                             00000085
TRISA0                            00000000
TRISA1                            00000001
TRISA2                            00000002
TRISA3                            00000003
TRISA4                            00000004
TRISA5                            00000005
TRISA6                            00000006
TRISA7                            00000007
MPASM 5.81          PRUEBA_MODULO_ALARMA.ASM   6-19-2025  16:40:27         PAGE 22


SYMBOL TABLE
  LABEL                             VALUE 

TRISB                             00000086
TRISB0                            00000000
TRISB1                            00000001
TRISB2                            00000002
TRISB3                            00000003
TRISB4                            00000004
TRISB5                            00000005
TRISB6                            00000006
TRISB7                            00000007
TRISC                             00000087
TRISC0                            00000000
TRISC1                            00000001
TRISC2                            00000002
TRISC3                            00000003
TRISC4                            00000004
TRISC5                            00000005
TRISC6                            00000006
TRISC7                            00000007
TRISD                             00000088
TRISD0                            00000000
TRISD1                            00000001
TRISD2                            00000002
TRISD3                            00000003
TRISD4                            00000004
TRISD5                            00000005
TRISD6                            00000006
TRISD7                            00000007
TRISE                             00000089
TRISE0                            00000000
TRISE1                            00000001
TRISE2                            00000002
TRISE3                            00000003
TRMT                              00000001
TUN0                              00000000
TUN1                              00000001
TUN2                              00000002
TUN3                              00000003
TUN4                              00000004
TX8_9                             00000006
TX9                               00000006
TX9D                              00000000
TXD8                              00000000
TXEN                              00000005
TXIE                              00000004
TXIF                              00000004
TXREG                             00000019
TXSTA                             00000098
UA                                00000001
ULPWUE                            00000005
ULPWUIE                           00000002
ULPWUIF                           00000002
VAL_ADC                           00000070
VAL_ADC_C                         0000007E
MPASM 5.81          PRUEBA_MODULO_ALARMA.ASM   6-19-2025  16:40:27         PAGE 23


SYMBOL TABLE
  LABEL                             VALUE 

VAL_ADC_D                         0000007D
VAL_ADC_M                         0000007F
VAL_ADC_U                         0000007C
VAL_UMBRAL_C                      00000073
VAL_UMBRAL_D                      00000072
VAL_UMBRAL_U                      00000071
VCFG0                             00000004
VCFG1                             00000005
VERIFICAR_ALARMA                  00000053
VR0                               00000000
VR1                               00000001
VR2                               00000002
VR3                               00000003
VRCON                             00000097
VREN                              00000007
VROE                              00000006
VRR                               00000005
VRSS                              00000004
W                                 00000000
WCOL                              00000007
WDTCON                            00000105
WDTPS0                            00000001
WDTPS1                            00000002
WDTPS2                            00000003
WDTPS3                            00000004
WPUB                              00000095
WPUB0                             00000000
WPUB1                             00000001
WPUB2                             00000002
WPUB3                             00000003
WPUB4                             00000004
WPUB5                             00000005
WPUB6                             00000006
WPUB7                             00000007
WR                                00000001
WREN                              00000002
WRERR                             00000003
WUE                               00000001
W_TEMP                            0000007A
Z                                 00000002
_BOR21V                           00003EFF
_BOR40V                           00003FFF
_BOR4V_BOR21V                     00003EFF
_BOR4V_BOR40V                     00003FFF
_BOREN_NSLEEP                     00003EFF
_BOREN_OFF                        00003CFF
_BOREN_ON                         00003FFF
_BOREN_SBODEN                     00003DFF
_BOR_NSLEEP                       00003EFF
_BOR_OFF                          00003CFF
_BOR_ON                           00003FFF
_BOR_SBODEN                       00003DFF
_CONFIG1                          00002007
MPASM 5.81          PRUEBA_MODULO_ALARMA.ASM   6-19-2025  16:40:27         PAGE 24


SYMBOL TABLE
  LABEL                             VALUE 

_CONFIG2                          00002008
_CPD_OFF                          00003FFF
_CPD_ON                           00003F7F
_CP_OFF                           00003FFF
_CP_ON                            00003FBF
_DEBUG_OFF                        00003FFF
_DEBUG_ON                         00001FFF
_DEVID1                           00002006
_EC_OSC                           00003FFB
_EXTRC                            00003FFF
_EXTRCIO                          00003FFE
_EXTRC_OSC_CLKOUT                 00003FFF
_EXTRC_OSC_NOCLKOUT               00003FFE
_FCMEN_OFF                        000037FF
_FCMEN_ON                         00003FFF
_FOSC_EC                          00003FFB
_FOSC_EXTRC_CLKOUT                00003FFF
_FOSC_EXTRC_NOCLKOUT              00003FFE
_FOSC_HS                          00003FFA
_FOSC_INTRC_CLKOUT                00003FFD
_FOSC_INTRC_NOCLKOUT              00003FFC
_FOSC_LP                          00003FF8
_FOSC_XT                          00003FF9
_HS_OSC                           00003FFA
_IDLOC0                           00002000
_IDLOC1                           00002001
_IDLOC2                           00002002
_IDLOC3                           00002003
_IESO_OFF                         00003BFF
_IESO_ON                          00003FFF
_INTOSC                           00003FFD
_INTOSCIO                         00003FFC
_INTRC_OSC_CLKOUT                 00003FFD
_INTRC_OSC_NOCLKOUT               00003FFC
_LP_OSC                           00003FF8
_LVP_OFF                          00002FFF
_LVP_ON                           00003FFF
_MCLRE_OFF                        00003FDF
_MCLRE_ON                         00003FFF
_PWRTE_OFF                        00003FFF
_PWRTE_ON                         00003FEF
_WDTE_OFF                         00003FF7
_WDTE_ON                          00003FFF
_WDT_OFF                          00003FF7
_WDT_ON                           00003FFF
_WRT_1FOURTH                      00003BFF
_WRT_256                          00003DFF
_WRT_HALF                         000039FF
_WRT_OFF                          00003FFF
_XT_OSC                           00003FF9
__16F887                          00000001

MPASM 5.81          PRUEBA_MODULO_ALARMA.ASM   6-19-2025  16:40:27         PAGE 25





Errors   :     0
Warnings :     0 reported,     0 suppressed
Messages :     9 reported,     0 suppressed

